2026-05-28T10:40:14.568Z	Initializing build environment...
2026-05-28T10:40:15.847Z	Success: Finished initializing build environment
2026-05-28T10:40:16.712Z	Cloning repository...
2026-05-28T10:40:18.004Z	Restoring from dependencies cache
2026-05-28T10:40:18.007Z	Restoring from build output cache
2026-05-28T10:40:19.462Z	Detected the following tools from environment: bun@1.3.14, nodejs@22.16.0
2026-05-28T10:40:19.463Z	Installing bun 1.3.14
2026-05-28T10:40:21.399Z	Installing project dependencies: bun install --frozen-lockfile
2026-05-28T10:40:21.490Z	bun install v1.3.14 (0d9b296a)
2026-05-28T10:40:25.654Z	
2026-05-28T10:40:25.654Z	+ @playwright/test@1.60.0
2026-05-28T10:40:25.654Z	+ @tailwindcss/postcss@4.3.0
2026-05-28T10:40:25.654Z	+ @testing-library/jest-dom@6.9.1
2026-05-28T10:40:25.657Z	+ @testing-library/react@16.3.2
2026-05-28T10:40:25.657Z	+ @types/leaflet@1.9.21
2026-05-28T10:40:25.657Z	+ @types/leaflet.markercluster@1.5.6
2026-05-28T10:40:25.657Z	+ @types/node@20.19.41
2026-05-28T10:40:25.657Z	+ @types/nodemailer@8.0.0
2026-05-28T10:40:25.657Z	+ @types/react@19.2.15
2026-05-28T10:40:25.657Z	+ @types/react-dom@19.2.3
2026-05-28T10:40:25.657Z	+ @vitejs/plugin-react@6.0.2
2026-05-28T10:40:25.657Z	+ eslint@9.39.4
2026-05-28T10:40:25.657Z	+ eslint-config-next@16.2.6
2026-05-28T10:40:25.658Z	+ jsdom@29.1.1
2026-05-28T10:40:25.658Z	+ tailwindcss@4.3.0
2026-05-28T10:40:25.658Z	+ typescript@5.9.3
2026-05-28T10:40:25.658Z	+ vitest@4.1.7
2026-05-28T10:40:25.658Z	+ @supabase/supabase-js@2.106.2
2026-05-28T10:40:25.658Z	+ @tanstack/react-query@5.100.14
2026-05-28T10:40:25.658Z	+ class-variance-authority@0.7.1
2026-05-28T10:40:25.658Z	+ clsx@2.1.1
2026-05-28T10:40:25.658Z	+ leaflet@1.9.4
2026-05-28T10:40:25.658Z	+ leaflet.markercluster@1.5.3
2026-05-28T10:40:25.658Z	+ lucide-react@1.16.0
2026-05-28T10:40:25.658Z	+ next@16.2.6
2026-05-28T10:40:25.659Z	+ next-auth@5.0.0-beta.31
2026-05-28T10:40:25.659Z	+ next-themes@0.4.6
2026-05-28T10:40:25.659Z	+ nodemailer@8.0.9
2026-05-28T10:40:25.659Z	+ radix-ui@1.4.3
2026-05-28T10:40:25.659Z	+ react@19.2.4
2026-05-28T10:40:25.659Z	+ react-dom@19.2.4
2026-05-28T10:40:25.659Z	+ react-leaflet@5.0.0
2026-05-28T10:40:25.663Z	+ shadcn@4.8.1
2026-05-28T10:40:25.663Z	+ sonner@2.0.7
2026-05-28T10:40:25.663Z	+ tailwind-merge@3.6.0
2026-05-28T10:40:25.664Z	+ tw-animate-css@1.4.0
2026-05-28T10:40:25.664Z	+ zod@4.4.3
2026-05-28T10:40:25.664Z	
2026-05-28T10:40:25.664Z	788 packages installed [4.17s]
2026-05-28T10:40:25.879Z	Executing user build command: bun run build
2026-05-28T10:40:25.975Z	$ next build
2026-05-28T10:40:26.536Z	⚠ No build cache found. Please configure build caching for faster rebuilds. Read more: https://nextjs.org/docs/messages/no-cache
2026-05-28T10:40:26.540Z	Attention: Next.js now collects completely anonymous telemetry regarding usage.
2026-05-28T10:40:26.541Z	This information is used to shape Next.js' roadmap and prioritize features.
2026-05-28T10:40:26.541Z	You can learn more, including how to opt-out if you'd not like to participate in this anonymous program, by visiting the following URL:
2026-05-28T10:40:26.541Z	https://nextjs.org/telemetry
2026-05-28T10:40:26.541Z	
2026-05-28T10:40:26.553Z	▲ Next.js 16.2.6 (Turbopack)
2026-05-28T10:40:26.553Z	
2026-05-28T10:40:26.626Z	  Creating an optimized production build ...
2026-05-28T10:40:36.911Z	✓ Compiled successfully in 10.1s
2026-05-28T10:40:36.917Z	  Running TypeScript ...
2026-05-28T10:40:43.376Z	  Finished TypeScript in 6.5s ...
2026-05-28T10:40:43.381Z	  Collecting page data using 1 worker ...
2026-05-28T10:40:43.876Z	  Generating static pages using 1 worker (0/7) ...
2026-05-28T10:40:44.020Z	  Generating static pages using 1 worker (1/7) 
2026-05-28T10:40:44.063Z	  Generating static pages using 1 worker (3/7) 
2026-05-28T10:40:44.065Z	  Generating static pages using 1 worker (5/7) 
2026-05-28T10:40:44.065Z	✓ Generating static pages using 1 worker (7/7) in 190ms
2026-05-28T10:40:44.070Z	  Finalizing page optimization ...
2026-05-28T10:40:44.080Z	
2026-05-28T10:40:44.082Z	Route (app)
2026-05-28T10:40:44.082Z	┌ ○ /
2026-05-28T10:40:44.082Z	├ ○ /_not-found
2026-05-28T10:40:44.082Z	├ ƒ /api/auth/[...nextauth]
2026-05-28T10:40:44.082Z	├ ƒ /api/auth/reset-session
2026-05-28T10:40:44.082Z	├ ƒ /api/incidents
2026-05-28T10:40:44.083Z	├ ƒ /api/incidents/[id]
2026-05-28T10:40:44.083Z	├ ƒ /api/incidents/health
2026-05-28T10:40:44.083Z	├ ƒ /api/incidents/webhook
2026-05-28T10:40:44.083Z	├ ƒ /api/stations
2026-05-28T10:40:44.083Z	├ ○ /incidents
2026-05-28T10:40:44.083Z	├ ƒ /mission-control
2026-05-28T10:40:44.083Z	└ ƒ /sign-in
2026-05-28T10:40:44.083Z	
2026-05-28T10:40:44.083Z	
2026-05-28T10:40:44.083Z	○  (Static)   prerendered as static content
2026-05-28T10:40:44.083Z	ƒ  (Dynamic)  server-rendered on demand
2026-05-28T10:40:44.083Z	
2026-05-28T10:40:44.228Z	Success: Build command completed
2026-05-28T10:40:44.466Z	Executing user deploy command: npx wrangler deploy
2026-05-28T10:40:46.219Z	npm warn exec The following package was not found and will be installed: wrangler@4.95.0
2026-05-28T10:40:53.361Z	
2026-05-28T10:40:53.361Z	 ⛅️ wrangler 4.95.0
2026-05-28T10:40:53.361Z	───────────────────
2026-05-28T10:40:53.373Z	
2026-05-28T10:40:53.373Z	Cloudflare collects anonymous telemetry about your usage of Wrangler. Learn more at https://github.com/cloudflare/workers-sdk/tree/main/packages/wrangler/telemetry.md
2026-05-28T10:40:53.540Z	
2026-05-28T10:40:53.540Z	Detected Project Settings:
2026-05-28T10:40:53.540Z	 - Worker Name: nexc0re
2026-05-28T10:40:53.540Z	 - Framework: Next.js
2026-05-28T10:40:53.540Z	 - Build Command: bun run build
2026-05-28T10:40:53.540Z	 - Output Directory: .next
2026-05-28T10:40:53.540Z	
2026-05-28T10:40:53.540Z	? Do you want to modify these settings?
2026-05-28T10:40:53.540Z	🤖 Using fallback value in non-interactive context: no
2026-05-28T10:40:53.543Z	
2026-05-28T10:40:53.543Z	📦 Install packages:
2026-05-28T10:40:53.543Z	 - wrangler (devDependency)
2026-05-28T10:40:53.543Z	
2026-05-28T10:40:53.543Z	📝 Update package.json scripts:
2026-05-28T10:40:53.543Z	 - "deploy": "opennextjs-cloudflare build && opennextjs-cloudflare deploy"
2026-05-28T10:40:53.543Z	 - "preview": "opennextjs-cloudflare build && opennextjs-cloudflare preview"
2026-05-28T10:40:53.543Z	
2026-05-28T10:40:53.543Z	📄 Create wrangler.jsonc:
2026-05-28T10:40:53.543Z	  {
2026-05-28T10:40:53.543Z	    "$schema": "node_modules/wrangler/config-schema.json",
2026-05-28T10:40:53.544Z	    "name": "nexc0re",
2026-05-28T10:40:53.544Z	    "compatibility_date": "2026-05-28",
2026-05-28T10:40:53.544Z	    "observability": {
2026-05-28T10:40:53.544Z	      "enabled": true
2026-05-28T10:40:53.544Z	    },
2026-05-28T10:40:53.544Z	    "compatibility_flags": [
2026-05-28T10:40:53.544Z	      "nodejs_compat"
2026-05-28T10:40:53.544Z	    ]
2026-05-28T10:40:53.544Z	  }
2026-05-28T10:40:53.544Z	
2026-05-28T10:40:53.544Z	🛠️  Configuring project for Next.js with OpenNext by running `@opennextjs/cloudflare migrate`
2026-05-28T10:40:53.544Z	
2026-05-28T10:40:53.544Z	? Proceed with setup?
2026-05-28T10:40:53.544Z	🤖 Using fallback value in non-interactive context: yes
2026-05-28T10:40:55.352Z	Resolving dependencies
2026-05-28T10:40:57.706Z	Resolved, downloaded and extracted [1098]
2026-05-28T10:40:58.266Z	Saved lockfile
2026-05-28T10:41:00.259Z	
2026-05-28T10:41:00.261Z	┌───────────────────────────────┐
2026-05-28T10:41:00.261Z	│ OpenNext — Cloudflare migrate │
2026-05-28T10:41:00.261Z	└───────────────────────────────┘
2026-05-28T10:41:00.261Z	
2026-05-28T10:41:00.262Z	🚀 Setting up the OpenNext Cloudflare adapter...
2026-05-28T10:41:00.263Z	
2026-05-28T10:41:00.285Z	⚙️  Installing dependencies...
2026-05-28T10:41:00.287Z	
2026-05-28T10:41:00.296Z	bun add v1.3.14 (0d9b296a)
2026-05-28T10:41:00.303Z	Resolving dependencies
2026-05-28T10:41:00.775Z	Resolved, downloaded and extracted [383]
2026-05-28T10:41:01.903Z	Saved lockfile
2026-05-28T10:41:01.904Z	
2026-05-28T10:41:01.904Z	+ @playwright/test@1.60.0
2026-05-28T10:41:01.904Z	+ @tailwindcss/postcss@4.3.0
2026-05-28T10:41:01.904Z	+ @testing-library/jest-dom@6.9.1
2026-05-28T10:41:01.904Z	+ @testing-library/react@16.3.2
2026-05-28T10:41:01.904Z	+ @types/leaflet@1.9.21
2026-05-28T10:41:01.904Z	+ @types/leaflet.markercluster@1.5.6
2026-05-28T10:41:01.905Z	+ @types/node@20.19.41 (v25.9.1 available)
2026-05-28T10:41:01.905Z	+ @types/nodemailer@8.0.0
2026-05-28T10:41:01.905Z	+ @types/react@19.2.15
2026-05-28T10:41:01.905Z	+ @types/react-dom@19.2.3
2026-05-28T10:41:01.905Z	+ @vitejs/plugin-react@6.0.2
2026-05-28T10:41:01.905Z	+ eslint@9.39.4
2026-05-28T10:41:01.905Z	+ eslint-config-next@16.2.6
2026-05-28T10:41:01.905Z	+ jsdom@29.1.1
2026-05-28T10:41:01.905Z	+ tailwindcss@4.3.0
2026-05-28T10:41:01.905Z	+ typescript@5.9.3
2026-05-28T10:41:01.905Z	+ vitest@4.1.7
2026-05-28T10:41:01.905Z	+ wrangler@4.95.0
2026-05-28T10:41:01.905Z	+ @supabase/supabase-js@2.106.2
2026-05-28T10:41:01.905Z	+ @tanstack/react-query@5.100.14
2026-05-28T10:41:01.905Z	+ class-variance-authority@0.7.1
2026-05-28T10:41:01.905Z	+ clsx@2.1.1
2026-05-28T10:41:01.905Z	+ leaflet@1.9.4
2026-05-28T10:41:01.905Z	+ leaflet.markercluster@1.5.3
2026-05-28T10:41:01.905Z	+ lucide-react@1.16.0
2026-05-28T10:41:01.905Z	+ next@16.2.6
2026-05-28T10:41:01.906Z	+ next-auth@5.0.0-beta.31
2026-05-28T10:41:01.906Z	+ next-themes@0.4.6
2026-05-28T10:41:01.906Z	+ nodemailer@8.0.9
2026-05-28T10:41:01.906Z	+ radix-ui@1.4.3
2026-05-28T10:41:01.906Z	+ react@19.2.4
2026-05-28T10:41:01.906Z	+ react-dom@19.2.4
2026-05-28T10:41:01.906Z	+ react-leaflet@5.0.0
2026-05-28T10:41:01.906Z	+ shadcn@4.8.1
2026-05-28T10:41:01.906Z	+ sonner@2.0.7
2026-05-28T10:41:01.906Z	+ tailwind-merge@3.6.0
2026-05-28T10:41:01.906Z	+ tw-animate-css@1.4.0
2026-05-28T10:41:01.906Z	+ zod@4.4.3
2026-05-28T10:41:01.906Z	
2026-05-28T10:41:01.906Z	installed @opennextjs/cloudflare@1.19.11 with binaries:
2026-05-28T10:41:01.906Z	 - opennextjs-cloudflare
2026-05-28T10:41:01.906Z	
2026-05-28T10:41:01.906Z	976 packages installed [1.61s]
2026-05-28T10:41:01.927Z	bun add v1.3.14 (0d9b296a)
2026-05-28T10:41:01.937Z	Resolving dependencies
2026-05-28T10:41:01.962Z	Resolved, downloaded and extracted [1]
2026-05-28T10:41:03.182Z	Saved lockfile
2026-05-28T10:41:03.183Z	
2026-05-28T10:41:03.183Z	+ @playwright/test@1.60.0
2026-05-28T10:41:03.183Z	+ @tailwindcss/postcss@4.3.0
2026-05-28T10:41:03.183Z	+ @testing-library/jest-dom@6.9.1
2026-05-28T10:41:03.183Z	+ @testing-library/react@16.3.2
2026-05-28T10:41:03.183Z	+ @types/leaflet@1.9.21
2026-05-28T10:41:03.183Z	+ @types/leaflet.markercluster@1.5.6
2026-05-28T10:41:03.183Z	+ @types/node@20.19.41
2026-05-28T10:41:03.183Z	+ @types/nodemailer@8.0.0
2026-05-28T10:41:03.183Z	+ @types/react@19.2.15
2026-05-28T10:41:03.183Z	+ @types/react-dom@19.2.3
2026-05-28T10:41:03.183Z	+ @vitejs/plugin-react@6.0.2
2026-05-28T10:41:03.183Z	+ eslint@9.39.4
2026-05-28T10:41:03.183Z	+ eslint-config-next@16.2.6
2026-05-28T10:41:03.184Z	+ jsdom@29.1.1
2026-05-28T10:41:03.184Z	+ tailwindcss@4.3.0
2026-05-28T10:41:03.184Z	+ typescript@5.9.3
2026-05-28T10:41:03.184Z	+ vitest@4.1.7
2026-05-28T10:41:03.184Z	+ @opennextjs/cloudflare@1.19.11
2026-05-28T10:41:03.184Z	+ @supabase/supabase-js@2.106.2
2026-05-28T10:41:03.184Z	+ @tanstack/react-query@5.100.14
2026-05-28T10:41:03.184Z	+ class-variance-authority@0.7.1
2026-05-28T10:41:03.184Z	+ clsx@2.1.1
2026-05-28T10:41:03.184Z	+ leaflet@1.9.4
2026-05-28T10:41:03.184Z	+ leaflet.markercluster@1.5.3
2026-05-28T10:41:03.184Z	+ lucide-react@1.16.0
2026-05-28T10:41:03.184Z	+ next@16.2.6
2026-05-28T10:41:03.184Z	+ next-auth@5.0.0-beta.31
2026-05-28T10:41:03.184Z	+ next-themes@0.4.6
2026-05-28T10:41:03.184Z	+ nodemailer@8.0.9
2026-05-28T10:41:03.184Z	+ radix-ui@1.4.3
2026-05-28T10:41:03.184Z	+ react@19.2.4
2026-05-28T10:41:03.184Z	+ react-dom@19.2.4
2026-05-28T10:41:03.184Z	+ react-leaflet@5.0.0
2026-05-28T10:41:03.184Z	+ shadcn@4.8.1
2026-05-28T10:41:03.184Z	+ sonner@2.0.7
2026-05-28T10:41:03.184Z	+ tailwind-merge@3.6.0
2026-05-28T10:41:03.184Z	+ tw-animate-css@1.4.0
2026-05-28T10:41:03.184Z	+ zod@4.4.3
2026-05-28T10:41:03.184Z	
2026-05-28T10:41:03.184Z	installed wrangler@4.95.0 with binaries:
2026-05-28T10:41:03.184Z	 - wrangler
2026-05-28T10:41:03.184Z	 - wrangler2
2026-05-28T10:41:03.184Z	
2026-05-28T10:41:03.184Z	976 packages installed [1257.00ms]
2026-05-28T10:41:03.188Z	⚙️  Creating wrangler.jsonc...
2026-05-28T10:41:03.188Z	
2026-05-28T10:41:04.754Z	WARN Failed to set up cache for your project.
2026-05-28T10:41:04.754Z	After the migration completes, please manually setup cache in  wrangler.jsonc and open-next.config.ts files (for more details see: https://opennext.js.org/cloudflare/caching).
2026-05-28T10:41:04.754Z	
2026-05-28T10:41:04.755Z	⚙️  Creating open-next.config.ts...
2026-05-28T10:41:04.755Z	
2026-05-28T10:41:04.763Z	⚙️  Creating .dev.vars file...
2026-05-28T10:41:04.763Z	
2026-05-28T10:41:04.763Z	⚙️  Creating public/_headers file...
2026-05-28T10:41:04.763Z	
2026-05-28T10:41:04.763Z	⚙️  Updating package.json scripts...
2026-05-28T10:41:04.764Z	
2026-05-28T10:41:04.764Z	⚙️  Updating .gitignore file...
2026-05-28T10:41:04.764Z	
2026-05-28T10:41:04.764Z	⚙️  Updating Next.js config...
2026-05-28T10:41:04.764Z	
2026-05-28T10:41:04.764Z	⚙️  Checking for edge runtime usage...
2026-05-28T10:41:04.764Z	
2026-05-28T10:41:04.768Z	🎉 OpenNext Cloudflare adapter complete!
2026-05-28T10:41:04.768Z	
2026-05-28T10:41:04.768Z	Next steps:
2026-05-28T10:41:04.768Z	- Run: "bun preview" to build and preview your Cloudflare application locally
2026-05-28T10:41:04.768Z	- Run: "bun deploy" to deploy your application to Cloudflare Workers
2026-05-28T10:41:04.768Z	- ⚠️  Setup cache, see https://opennext.js.org/cloudflare/caching for more details
2026-05-28T10:41:04.768Z	
2026-05-28T10:41:04.801Z	[build] Running: bunx opennextjs-cloudflare build
2026-05-28T10:41:06.383Z	[build] 
2026-05-28T10:41:06.384Z	[build] ┌─────────────────────────────┐
2026-05-28T10:41:06.388Z	[build] │ OpenNext — Cloudflare build │
2026-05-28T10:41:06.388Z	[build] └─────────────────────────────┘
2026-05-28T10:41:06.388Z	[build] 
2026-05-28T10:41:06.389Z	[build] 
2026-05-28T10:41:06.495Z	[build] App directory: /opt/buildhome/repo
2026-05-28T10:41:06.499Z	[build] Next.js version : 16.2.6
2026-05-28T10:41:06.499Z	[build] 
2026-05-28T10:41:06.499Z	[build] @opennextjs/cloudflare version: 1.19.11
2026-05-28T10:41:06.499Z	[build] 
2026-05-28T10:41:06.499Z	[build] @opennextjs/aws version: 4.0.2
2026-05-28T10:41:06.499Z	[build] workerd compatibility_date: 2026-05-28
2026-05-28T10:41:06.499Z	[build] 
2026-05-28T10:41:06.499Z	[build] 
2026-05-28T10:41:06.499Z	[build] ┌─────────────────────────────────┐
2026-05-28T10:41:06.499Z	[build] │ OpenNext — Building Next.js app │
2026-05-28T10:41:06.499Z	[build] └─────────────────────────────────┘
2026-05-28T10:41:06.499Z	[build] 
2026-05-28T10:41:06.499Z	[build] 
2026-05-28T10:41:06.505Z	[build] $ next build
2026-05-28T10:41:06.505Z	[build] 
2026-05-28T10:41:06.900Z	[build] ▲ Next.js 16.2.6 (Turbopack)
2026-05-28T10:41:06.901Z	[build] 
2026-05-28T10:41:06.902Z	[build] 
2026-05-28T10:41:06.902Z	[build] 
2026-05-28T10:41:07.713Z	[build] Using secrets defined in .dev.vars
2026-05-28T10:41:07.713Z	[build] 
2026-05-28T10:41:07.735Z	[build]   Creating an optimized production build ...
2026-05-28T10:41:07.735Z	[build] 
2026-05-28T10:41:17.838Z	[build] ✓ Compiled successfully in 9.8s
2026-05-28T10:41:17.844Z	[build] 
2026-05-28T10:41:17.849Z	[build]   Running TypeScript ...
2026-05-28T10:41:17.849Z	[build] 
2026-05-28T10:41:26.196Z	[build]   Finished TypeScript in 8.3s ...
2026-05-28T10:41:26.196Z	[build] 
2026-05-28T10:41:26.211Z	[build]   Collecting page data using 1 worker ...
2026-05-28T10:41:26.215Z	[build] 
2026-05-28T10:41:26.832Z	[build]   Generating static pages using 1 worker (0/7) ...
2026-05-28T10:41:26.833Z	[build] 
2026-05-28T10:41:26.989Z	[build]   Generating static pages using 1 worker (1/7) 
2026-05-28T10:41:26.989Z	[build] 
2026-05-28T10:41:27.026Z	[build]   Generating static pages using 1 worker (3/7) 
2026-05-28T10:41:27.026Z	[build] 
2026-05-28T10:41:27.032Z	[build]   Generating static pages using 1 worker (5/7) 
2026-05-28T10:41:27.032Z	[build] 
2026-05-28T10:41:27.032Z	[build] ✓ Generating static pages using 1 worker (7/7) in 201ms
2026-05-28T10:41:27.037Z	[build] 
2026-05-28T10:41:27.040Z	[build]   Finalizing page optimization ...
2026-05-28T10:41:27.040Z	[build] 
2026-05-28T10:41:27.478Z	[build] 
2026-05-28T10:41:27.478Z	[build] 
2026-05-28T10:41:27.481Z	[build] Route (app)
2026-05-28T10:41:27.481Z	[build] ┌ ○ /
2026-05-28T10:41:27.481Z	[build] ├ ○ /_not-found
2026-05-28T10:41:27.481Z	[build] ├ ƒ /api/auth/[...nextauth]
2026-05-28T10:41:27.481Z	[build] ├ ƒ /api/auth/reset-session
2026-05-28T10:41:27.481Z	[build] ├ ƒ /api/incidents
2026-05-28T10:41:27.481Z	[build] ├ ƒ /api/incidents/[id]
2026-05-28T10:41:27.481Z	[build] ├ ƒ /api/incidents/health
2026-05-28T10:41:27.481Z	[build] ├ ƒ /api/incidents/webhook
2026-05-28T10:41:27.482Z	[build] ├ ƒ /api/stations
2026-05-28T10:41:27.482Z	[build] ├ ○ /incidents
2026-05-28T10:41:27.482Z	[build] ├ ƒ /mission-control
2026-05-28T10:41:27.482Z	[build] └ ƒ /sign-in
2026-05-28T10:41:27.482Z	[build] 
2026-05-28T10:41:27.482Z	[build] 
2026-05-28T10:41:27.483Z	[build] 
2026-05-28T10:41:27.483Z	[build] ○  (Static)   prerendered as static content
2026-05-28T10:41:27.483Z	[build] ƒ  (Dynamic)  server-rendered on demand
2026-05-28T10:41:27.484Z	[build] 
2026-05-28T10:41:27.484Z	[build] 
2026-05-28T10:41:27.553Z	[build] 
2026-05-28T10:41:27.553Z	[build] ┌──────────────────────────────┐
2026-05-28T10:41:27.553Z	[build] │ OpenNext — Generating bundle │
2026-05-28T10:41:27.553Z	[build] └──────────────────────────────┘
2026-05-28T10:41:27.553Z	[build] 
2026-05-28T10:41:27.553Z	[build] 
2026-05-28T10:41:27.652Z	[build] Bundling middleware function...
2026-05-28T10:41:27.652Z	[build] 
2026-05-28T10:41:27.755Z	[build] Bundling static assets...
2026-05-28T10:41:27.756Z	[build] 
2026-05-28T10:41:27.775Z	[build] Bundling cache assets...
2026-05-28T10:41:27.775Z	[build] 
2026-05-28T10:41:27.795Z	[build] Building server function: default...
2026-05-28T10:41:27.796Z	[build] 
2026-05-28T10:41:31.081Z	[build] Applying code patches: 2.901s
2026-05-28T10:41:31.081Z	[build] 
2026-05-28T10:41:31.466Z	[build] # copyPackageTemplateFiles
2026-05-28T10:41:31.467Z	[build] 
2026-05-28T10:41:31.483Z	[build] ⚙️ Bundling the OpenNext server...
2026-05-28T10:41:31.484Z	[build] 
2026-05-28T10:41:31.486Z	[build] 
2026-05-28T10:41:33.777Z	[build] Worker saved in `.open-next/worker.js` 🚀
2026-05-28T10:41:33.780Z	[build] 
2026-05-28T10:41:33.780Z	[build] OpenNext build complete.
2026-05-28T10:41:33.780Z	[build] 
2026-05-28T10:41:33.883Z	OpenNext project detected, calling `opennextjs-cloudflare deploy`
2026-05-28T10:41:36.321Z	
2026-05-28T10:41:36.321Z	┌──────────────────────────────┐
2026-05-28T10:41:36.321Z	│ OpenNext — Cloudflare deploy │
2026-05-28T10:41:36.321Z	└──────────────────────────────┘
2026-05-28T10:41:36.321Z	
2026-05-28T10:41:36.371Z	Using secrets defined in .dev.vars
2026-05-28T10:41:36.702Z	Incremental cache does not need populating
2026-05-28T10:41:36.705Z	Tag cache does not need populating
2026-05-28T10:41:37.521Z	
2026-05-28T10:41:37.521Z	 ⛅️ wrangler 4.95.0
2026-05-28T10:41:37.521Z	───────────────────
2026-05-28T10:41:39.320Z	🌀 Building list of assets...
2026-05-28T10:41:39.323Z	✨ Read 56 files from the assets directory /opt/buildhome/repo/.open-next/assets
2026-05-28T10:41:39.341Z	🌀 Starting asset upload...
2026-05-28T10:41:42.525Z	🌀 Found 49 new or modified static assets to upload. Proceeding with upload...
2026-05-28T10:41:42.525Z	+ /BUILD_ID
2026-05-28T10:41:42.526Z	+ /_next/static/kqKDRK5BSKV1dVtzuE_Jm/_clientMiddlewareManifest.js
2026-05-28T10:41:42.526Z	+ /window.svg
2026-05-28T10:41:42.526Z	+ /_next/static/media/layers.1220hx8ja1.sy.png
2026-05-28T10:41:42.526Z	+ /_next/static/chunks/127vs3gny22i8.js
2026-05-28T10:41:42.528Z	+ /_next/static/media/marker-icon.0i9~u_difxrfa.png
2026-05-28T10:41:42.528Z	+ /_next/static/media/search.worker.0k3vpm33t9dk8.ts
2026-05-28T10:41:42.528Z	+ /_next/static/media/5ce348bf30bf5439-s.0ee55_hj9qcer.woff2
2026-05-28T10:41:42.528Z	+ /_next/static/media/53b9e256198e5412-s.0-wfv7uh4i7h9.woff2
2026-05-28T10:41:42.528Z	+ /_next/static/chunks/0h~hobajm2feb.js
2026-05-28T10:41:42.528Z	+ /_next/static/media/bbc41e54d2fcbd21-s.0mvwgmnhv29no.woff2
2026-05-28T10:41:42.528Z	+ /_next/static/chunks/0p6ky.2p-pmxw.js
2026-05-28T10:41:42.528Z	+ /_next/static/media/caa3a2e1cccd8315-s.p.09~u27dqhyhd6.woff2
2026-05-28T10:41:42.528Z	+ /_next/static/chunks/0egevdc-f82yy.js
2026-05-28T10:41:42.528Z	+ /_next/static/chunks/0dbhjjzl8qfwv.js
2026-05-28T10:41:42.528Z	+ /_next/static/chunks/0~vd-9-csm2vs.js
2026-05-28T10:41:42.528Z	+ /_next/static/chunks/0ybygkkygofkd.js
2026-05-28T10:41:42.528Z	+ /_next/static/chunks/0y5z3t-z1c8ks.js.map
2026-05-28T10:41:42.528Z	+ /vercel.svg
2026-05-28T10:41:42.528Z	+ /file.svg
2026-05-28T10:41:42.529Z	+ /_next/static/chunks/turbopack-worker-0sjn--fhq~1cg.js
2026-05-28T10:41:42.530Z	+ /_next/static/media/layers-2x.0olxl6i2vnf_c.png
2026-05-28T10:41:42.530Z	+ /_next/static/chunks/153~axo_5.5lp.css
2026-05-28T10:41:42.530Z	+ /_next/static/chunks/123doanyjnwwq.css
2026-05-28T10:41:42.530Z	+ /_next/static/media/fef07dbb0973bf53-s.12tyk43_3sh9u.woff2
2026-05-28T10:41:42.531Z	+ /_next/static/chunks/turbopack-0jzcfcfaopfjp.js
2026-05-28T10:41:42.531Z	+ /_next/static/chunks/0gds7axci1.tv.js
2026-05-28T10:41:42.531Z	+ /_next/static/media/8a480f0b521d4e75-s.0jzbimsg8vl84.woff2
2026-05-28T10:41:42.531Z	+ /_next/static/chunks/0.ypyyrlxwohk.js
2026-05-28T10:41:42.532Z	+ /_next/static/media/797e433ab948586e-s.p.09zddjkbdep5a.woff2
2026-05-28T10:41:42.532Z	+ /_next/static/chunks/0rcc9qf9iw1zb.js
2026-05-28T10:41:42.532Z	+ /_next/static/chunks/0877oqp_7yh7p.css
2026-05-28T10:41:42.532Z	+ /_next/static/chunks/04_tz2o4uzy6~.js
2026-05-28T10:41:42.532Z	+ /_next/static/kqKDRK5BSKV1dVtzuE_Jm/_ssgManifest.js
2026-05-28T10:41:42.532Z	+ /_next/static/kqKDRK5BSKV1dVtzuE_Jm/_buildManifest.js
2026-05-28T10:41:42.532Z	+ /manifest.json
2026-05-28T10:41:42.533Z	+ /globe.svg
2026-05-28T10:41:42.533Z	+ /next.svg
2026-05-28T10:41:42.533Z	+ /sw.js
2026-05-28T10:41:42.533Z	+ /_next/static/media/6306c77e7c8268e4-s.0mao5jbfbduzp.woff2
2026-05-28T10:41:42.533Z	+ /_next/static/media/7d817b4c03b0c5f1-s.0uzt.a6d44yda.woff2
2026-05-28T10:41:42.533Z	+ /_next/static/chunks/turbopack-0ldpcs~5r2nlm.js
2026-05-28T10:41:42.533Z	+ /_next/static/media/4fa387ec64143e14-s.0.qu-9752pffj.woff2
2026-05-28T10:41:42.533Z	+ /_next/static/media/7178b3e590c64307-s.0nx0ww8fni_q3.woff2
2026-05-28T10:41:42.533Z	+ /favicon.ico
2026-05-28T10:41:42.533Z	+ /_next/static/chunks/0w08fsnii9bnv.js
2026-05-28T10:41:42.533Z	+ /_next/static/chunks/1683bx2og-ppu.js
2026-05-28T10:41:42.533Z	+ /_next/static/chunks/03~yq9q893hmn.js
2026-05-28T10:41:42.533Z	+ /_next/static/chunks/07lhk_q6pmm3r.js
2026-05-28T10:41:43.592Z	Uploaded 16 of 49 assets
2026-05-28T10:41:43.722Z	Uploaded 33 of 49 assets
2026-05-28T10:41:43.795Z	Uploaded 49 of 49 assets
2026-05-28T10:41:43.796Z	✨ Success! Uploaded 49 files (1 already uploaded) (1.26 sec)
2026-05-28T10:41:43.796Z	
2026-05-28T10:41:43.992Z	Total Upload: 8626.74 KiB / gzip: 1774.62 KiB
2026-05-28T10:41:44.809Z	Your Worker has access to the following bindings:
2026-05-28T10:41:44.810Z	Binding                                      Resource      
2026-05-28T10:41:44.810Z	env.WORKER_SELF_REFERENCE (nexcore-app)      Worker        
2026-05-28T10:41:44.810Z	env.IMAGES                                   Images        
2026-05-28T10:41:44.810Z	env.ASSETS                                   Assets        
2026-05-28T10:41:44.810Z	
2026-05-28T10:41:44.821Z	
2026-05-28T10:41:44.949Z	✘ [ERROR] A request to the Cloudflare API (/accounts/28653dfceef67280b57fc0e304f485bb/workers/scripts/nexc0re/versions) failed.
2026-05-28T10:41:44.949Z	
2026-05-28T10:41:44.949Z	  Service binding 'WORKER_SELF_REFERENCE' references Worker 'nexcore-app' which was not found. Verify the Worker exists in your account and that the service name in your configuration is correct. [code: 10143]
2026-05-28T10:41:44.949Z	  To learn more about this error, visit: https://developers.cloudflare.com/workers/configuration/bindings/about-service-bindings/
2026-05-28T10:41:44.949Z	
2026-05-28T10:41:44.949Z	  
2026-05-28T10:41:44.949Z	  If you think this is a bug, please open an issue at: https://github.com/cloudflare/workers-sdk/issues/new/choose
2026-05-28T10:41:44.949Z	
2026-05-28T10:41:44.949Z	
2026-05-28T10:41:44.949Z	🪵  Logs were written to "/opt/buildhome/.config/.wrangler/logs/wrangler-2026-05-28_10-41-37_302.log"
2026-05-28T10:41:44.949Z	ERROR Wrangler deploy command failed:
2026-05-28T10:41:44.949Z	✘ [ERROR] A request to the Cloudflare API (/accounts/28653dfceef67280b57fc0e304f485bb/workers/scripts/nexc0re/versions) failed.
2026-05-28T10:41:44.950Z	
2026-05-28T10:41:44.950Z	  Service binding 'WORKER_SELF_REFERENCE' references Worker 'nexcore-app' which was not found. Verify the Worker exists in your account and that the service name in your configuration is correct. [code: 10143]
2026-05-28T10:41:44.950Z	  To learn more about this error, visit: https://developers.cloudflare.com/workers/configuration/bindings/about-service-bindings/
2026-05-28T10:41:44.950Z	
2026-05-28T10:41:44.950Z	  
2026-05-28T10:41:44.950Z	  If you think this is a bug, please open an issue at: https://github.com/cloudflare/workers-sdk/issues/new/choose
2026-05-28T10:41:44.950Z	
2026-05-28T10:41:44.950Z	
2026-05-28T10:41:44.950Z	🪵  Logs were written to "/opt/buildhome/.config/.wrangler/logs/wrangler-2026-05-28_10-41-37_302.log"
2026-05-28T10:41:44.950Z	
2026-05-28T10:41:45.139Z	
2026-05-28T10:41:45.193Z	✘ [ERROR] 
2026-05-28T10:41:45.194Z	
2026-05-28T10:41:45.194Z	
2026-05-28T10:41:45.220Z	If you think this is a bug then please create an issue at https://github.com/cloudflare/workers-sdk/issues/new/choose
2026-05-28T10:41:45.221Z	? Would you like to report this error to Cloudflare? Wrangler's output and the error details will be shared with the Wrangler team to help us diagnose and fix the issue.
2026-05-28T10:41:45.221Z	🤖 Using fallback value in non-interactive context: no
2026-05-28T10:41:45.240Z	🪵  Logs were written to "/opt/buildhome/.config/.wrangler/logs/wrangler-2026-05-28_10-40-53_068.log"
2026-05-28T10:41:45.445Z	Failed: error occurred while running deploy command