2026-05-28T11:10:54.988Z	Initializing build environment...
2026-05-28T11:10:56.182Z	Success: Finished initializing build environment
2026-05-28T11:10:56.661Z	Cloning repository...
2026-05-28T11:10:58.530Z	Restoring from dependencies cache
2026-05-28T11:10:58.532Z	Restoring from build output cache
2026-05-28T11:10:58.896Z	Detected the following tools from environment: bun@1.3.14, nodejs@22.16.0
2026-05-28T11:10:58.897Z	Installing bun 1.3.14
2026-05-28T11:11:00.643Z	Installing project dependencies: bun install --frozen-lockfile
2026-05-28T11:11:00.720Z	bun install v1.3.14 (0d9b296a)
2026-05-28T11:11:05.919Z	
2026-05-28T11:11:05.920Z	+ @playwright/test@1.60.0
2026-05-28T11:11:05.920Z	+ @tailwindcss/postcss@4.3.0
2026-05-28T11:11:05.920Z	+ @testing-library/jest-dom@6.9.1
2026-05-28T11:11:05.920Z	+ @testing-library/react@16.3.2
2026-05-28T11:11:05.920Z	+ @types/leaflet@1.9.21
2026-05-28T11:11:05.920Z	+ @types/leaflet.markercluster@1.5.6
2026-05-28T11:11:05.921Z	+ @types/node@20.19.41
2026-05-28T11:11:05.921Z	+ @types/nodemailer@8.0.0
2026-05-28T11:11:05.921Z	+ @types/react@19.2.15
2026-05-28T11:11:05.921Z	+ @types/react-dom@19.2.3
2026-05-28T11:11:05.921Z	+ @vitejs/plugin-react@6.0.2
2026-05-28T11:11:05.921Z	+ eslint@9.39.4
2026-05-28T11:11:05.922Z	+ eslint-config-next@16.2.6
2026-05-28T11:11:05.922Z	+ jsdom@29.1.1
2026-05-28T11:11:05.922Z	+ tailwindcss@4.3.0
2026-05-28T11:11:05.922Z	+ typescript@5.9.3
2026-05-28T11:11:05.922Z	+ vitest@4.1.7
2026-05-28T11:11:05.922Z	+ @supabase/supabase-js@2.106.2
2026-05-28T11:11:05.922Z	+ @tanstack/react-query@5.100.14
2026-05-28T11:11:05.922Z	+ class-variance-authority@0.7.1
2026-05-28T11:11:05.922Z	+ clsx@2.1.1
2026-05-28T11:11:05.923Z	+ leaflet@1.9.4
2026-05-28T11:11:05.927Z	+ leaflet.markercluster@1.5.3
2026-05-28T11:11:05.929Z	+ lucide-react@1.16.0
2026-05-28T11:11:05.929Z	+ next@16.2.6
2026-05-28T11:11:05.930Z	+ next-auth@5.0.0-beta.31
2026-05-28T11:11:05.934Z	+ next-themes@0.4.6
2026-05-28T11:11:05.935Z	+ nodemailer@8.0.9
2026-05-28T11:11:05.935Z	+ radix-ui@1.4.3
2026-05-28T11:11:05.936Z	+ react@19.2.4
2026-05-28T11:11:05.937Z	+ react-dom@19.2.4
2026-05-28T11:11:05.937Z	+ react-leaflet@5.0.0
2026-05-28T11:11:05.938Z	+ shadcn@4.8.1
2026-05-28T11:11:05.939Z	+ sonner@2.0.7
2026-05-28T11:11:05.939Z	+ tailwind-merge@3.6.0
2026-05-28T11:11:05.939Z	+ tw-animate-css@1.4.0
2026-05-28T11:11:05.940Z	+ zod@4.4.3
2026-05-28T11:11:05.940Z	
2026-05-28T11:11:05.940Z	788 packages installed [5.20s]
2026-05-28T11:11:06.097Z	Executing user build command: bun run build
2026-05-28T11:11:06.166Z	$ next build
2026-05-28T11:11:06.601Z	⚠ No build cache found. Please configure build caching for faster rebuilds. Read more: https://nextjs.org/docs/messages/no-cache
2026-05-28T11:11:06.605Z	Attention: Next.js now collects completely anonymous telemetry regarding usage.
2026-05-28T11:11:06.605Z	This information is used to shape Next.js' roadmap and prioritize features.
2026-05-28T11:11:06.605Z	You can learn more, including how to opt-out if you'd not like to participate in this anonymous program, by visiting the following URL:
2026-05-28T11:11:06.606Z	https://nextjs.org/telemetry
2026-05-28T11:11:06.606Z	
2026-05-28T11:11:06.618Z	▲ Next.js 16.2.6 (Turbopack)
2026-05-28T11:11:06.618Z	
2026-05-28T11:11:06.702Z	  Creating an optimized production build ...
2026-05-28T11:11:15.930Z	✓ Compiled successfully in 9.0s
2026-05-28T11:11:15.937Z	  Running TypeScript ...
2026-05-28T11:11:22.742Z	Failed to type check.
2026-05-28T11:11:22.743Z	
2026-05-28T11:11:22.743Z	./src/components/ExportIncidentReport.tsx:5:35
2026-05-28T11:11:22.743Z	Type error: Cannot find module '@/hooks/useExport' or its corresponding type declarations.
2026-05-28T11:11:22.743Z	
2026-05-28T11:11:22.743Z	  3 | import React from "react";
2026-05-28T11:11:22.743Z	  4 | import ExportMapStatic from "./ExportMapStatic";
2026-05-28T11:11:22.743Z	> 5 | import { formatDateDisplay } from "@/hooks/useExport";
2026-05-28T11:11:22.743Z	    |                                   ^
2026-05-28T11:11:22.743Z	  6 |
2026-05-28T11:11:22.744Z	  7 | interface ExportIncidentReportProps {
2026-05-28T11:11:22.744Z	  8 |   district: string;
2026-05-28T11:11:22.820Z	Next.js build worker exited with code: 1 and signal: null
2026-05-28T11:11:22.865Z	error: script "build" exited with code 1
2026-05-28T11:11:22.869Z	Failed: error occurred while running build command